{"uuid":"1470d6c6-3250-4e7a-aeb0-b5ca01eed1c1","historyId":"97fdb333910c86d699816cefc98c178f","testCaseId":"baa1c1a2629f4d599cbef2502788d5b","fullName":"src/test/resources/features/C2.feature:8","labels":[{"name":"tag","value":"C2"},{"name":"tag","value":"Smoke"},{"name":"tag","value":"AddProduct"},{"name":"host","value":"DESKTOP-530T9QK"},{"name":"thread","value":"32160@DESKTOP-530T9QK.TestNG-PoolService-0(25)"},{"name":"feature","value":"Add product to Cart"},{"name":"story","value":"Adding product to cart"},{"name":"suite","value":"Add product to Cart"},{"name":"testClass","value":"Adding product to cart"},{"name":"framework","value":"cucumber4jvm"},{"name":"language","value":"java"},{"name":"gherkin_uri","value":"file:///C:/Users/Home/Documents/University/Tykhonenko/ui_test_with_ai_integration/src/test/resources/features/C2.feature"},{"name":"package","value":"src.test.resources.features.C2_feature.Add product to Cart"}],"links":[],"name":"Adding product to cart","status":"broken","statusDetails":{"known":false,"muted":false,"flaky":false,"message":"Expected condition failed: waiting for visibility of element located by By.id: password - (tried for 10 second(s) with 500 milliseconds interval)\nBuild info: version: '4.26.0', revision: '8ccf0219d7'\nSystem info: os.name: 'Windows 11', os.arch: 'amd64', os.version: '10.0', java.version: '11.0.24'\nDriver info: org.openqa.selenium.chrome.ChromeDriver\nCapabilities {acceptInsecureCerts: false, browserName: chrome, browserVersion: 131.0.6778.70, chrome: {chromedriverVersion: 131.0.6778.69 (77e2244bbcda..., userDataDir: C:\\Users\\Home\\AppData\\Local...}, fedcm:accounts: true, goog:chromeOptions: {debuggerAddress: localhost:64268}, networkConnectionEnabled: false, pageLoadStrategy: normal, platformName: windows, proxy: Proxy(), se:cdp: ws://localhost:64268/devtoo..., se:cdpVersion: 131.0.6778.70, setWindowRect: true, strictFileInteractability: false, timeouts: {implicit: 0, pageLoad: 300000, script: 30000}, unhandledPromptBehavior: dismiss and notify, webauthn:extension:credBlob: true, webauthn:extension:largeBlob: true, webauthn:extension:minPinLength: true, webauthn:extension:prf: true, webauthn:virtualAuthenticators: true}\nSession ID: 800dc968ec747bbb9adc673c01821715","trace":"org.openqa.selenium.TimeoutException: Expected condition failed: waiting for visibility of element located by By.id: password - (tried for 10 second(s) with 500 milliseconds interval)\nBuild info: version: '4.26.0', revision: '8ccf0219d7'\nSystem info: os.name: 'Windows 11', os.arch: 'amd64', os.version: '10.0', java.version: '11.0.24'\nDriver info: org.openqa.selenium.chrome.ChromeDriver\nCapabilities {acceptInsecureCerts: false, browserName: chrome, browserVersion: 131.0.6778.70, chrome: {chromedriverVersion: 131.0.6778.69 (77e2244bbcda..., userDataDir: C:\\Users\\Home\\AppData\\Local...}, fedcm:accounts: true, goog:chromeOptions: {debuggerAddress: localhost:64268}, networkConnectionEnabled: false, pageLoadStrategy: normal, platformName: windows, proxy: Proxy(), se:cdp: ws://localhost:64268/devtoo..., se:cdpVersion: 131.0.6778.70, setWindowRect: true, strictFileInteractability: false, timeouts: {implicit: 0, pageLoad: 300000, script: 30000}, unhandledPromptBehavior: dismiss and notify, webauthn:extension:credBlob: true, webauthn:extension:largeBlob: true, webauthn:extension:minPinLength: true, webauthn:extension:prf: true, webauthn:virtualAuthenticators: true}\nSession ID: 800dc968ec747bbb9adc673c01821715\r\n\tat org.openqa.selenium.support.ui.WebDriverWait.timeoutException(WebDriverWait.java:84)\r\n\tat org.openqa.selenium.support.ui.FluentWait.until(FluentWait.java:228)\r\n\tat automation.utils.PageTools.waitForElementVisibility_aroundBody10(PageTools.java:112)\r\n\tat automation.utils.PageTools$AjcClosure11.run(PageTools.java:1)\r\n\tat org.aspectj.runtime.reflect.JoinPointImpl.proceed(JoinPointImpl.java:179)\r\n\tat automation.api.LocatorAspect.handleLocatorAutoFix(LocatorAspect.java:36)\r\n\tat automation.utils.PageTools.waitForElementVisibility(PageTools.java:110)\r\n\tat automation.utils.PageTools.typeText_aroundBody2(PageTools.java:61)\r\n\tat automation.utils.PageTools$AjcClosure3.run(PageTools.java:1)\r\n\tat org.aspectj.runtime.reflect.JoinPointImpl.proceed(JoinPointImpl.java:179)\r\n\tat automation.api.LocatorAspect.handleLocatorAutoFix(LocatorAspect.java:36)\r\n\tat automation.utils.PageTools.typeText(PageTools.java:60)\r\n\tat automation.pages.LoginPage.typePassword(LoginPage.java:36)\r\n\tat automation.actions.LoginActions.loginToSwagLabs(LoginActions.java:16)\r\n\tat BDD.LoginStepDefinition.loginAsStandardUser(LoginStepDefinition.java:66)\r\n\tat ✽.Login to 'Swag Labs' as standard user(file:///C:/Users/Home/Documents/University/Tykhonenko/ui_test_with_ai_integration/src/test/resources/features/C2.feature:14)\r\n"},"stage":"finished","steps":[{"name":"Given Open 'Swag Labs' login page","status":"passed","statusDetails":{"known":false,"muted":false,"flaky":false},"stage":"finished","steps":[],"attachments":[],"parameters":[],"start":1731855202882,"stop":1731855203544},{"name":"Given Login to 'Swag Labs' as standard user","status":"broken","statusDetails":{"known":false,"muted":false,"flaky":false,"message":"Expected condition failed: waiting for visibility of element located by By.id: password - (tried for 10 second(s) with 500 milliseconds interval)\nBuild info: version: '4.26.0', revision: '8ccf0219d7'\nSystem info: os.name: 'Windows 11', os.arch: 'amd64', os.version: '10.0', java.version: '11.0.24'\nDriver info: org.openqa.selenium.chrome.ChromeDriver\nCapabilities {acceptInsecureCerts: false, browserName: chrome, browserVersion: 131.0.6778.70, chrome: {chromedriverVersion: 131.0.6778.69 (77e2244bbcda..., userDataDir: C:\\Users\\Home\\AppData\\Local...}, fedcm:accounts: true, goog:chromeOptions: {debuggerAddress: localhost:64268}, networkConnectionEnabled: false, pageLoadStrategy: normal, platformName: windows, proxy: Proxy(), se:cdp: ws://localhost:64268/devtoo..., se:cdpVersion: 131.0.6778.70, setWindowRect: true, strictFileInteractability: false, timeouts: {implicit: 0, pageLoad: 300000, script: 30000}, unhandledPromptBehavior: dismiss and notify, webauthn:extension:credBlob: true, webauthn:extension:largeBlob: true, webauthn:extension:minPinLength: true, webauthn:extension:prf: true, webauthn:virtualAuthenticators: true}\nSession ID: 800dc968ec747bbb9adc673c01821715","trace":"org.openqa.selenium.TimeoutException: Expected condition failed: waiting for visibility of element located by By.id: password - (tried for 10 second(s) with 500 milliseconds interval)\nBuild info: version: '4.26.0', revision: '8ccf0219d7'\nSystem info: os.name: 'Windows 11', os.arch: 'amd64', os.version: '10.0', java.version: '11.0.24'\nDriver info: org.openqa.selenium.chrome.ChromeDriver\nCapabilities {acceptInsecureCerts: false, browserName: chrome, browserVersion: 131.0.6778.70, chrome: {chromedriverVersion: 131.0.6778.69 (77e2244bbcda..., userDataDir: C:\\Users\\Home\\AppData\\Local...}, fedcm:accounts: true, goog:chromeOptions: {debuggerAddress: localhost:64268}, networkConnectionEnabled: false, pageLoadStrategy: normal, platformName: windows, proxy: Proxy(), se:cdp: ws://localhost:64268/devtoo..., se:cdpVersion: 131.0.6778.70, setWindowRect: true, strictFileInteractability: false, timeouts: {implicit: 0, pageLoad: 300000, script: 30000}, unhandledPromptBehavior: dismiss and notify, webauthn:extension:credBlob: true, webauthn:extension:largeBlob: true, webauthn:extension:minPinLength: true, webauthn:extension:prf: true, webauthn:virtualAuthenticators: true}\nSession ID: 800dc968ec747bbb9adc673c01821715\r\n\tat org.openqa.selenium.support.ui.WebDriverWait.timeoutException(WebDriverWait.java:84)\r\n\tat org.openqa.selenium.support.ui.FluentWait.until(FluentWait.java:228)\r\n\tat automation.utils.PageTools.waitForElementVisibility_aroundBody10(PageTools.java:112)\r\n\tat automation.utils.PageTools$AjcClosure11.run(PageTools.java:1)\r\n\tat org.aspectj.runtime.reflect.JoinPointImpl.proceed(JoinPointImpl.java:179)\r\n\tat automation.api.LocatorAspect.handleLocatorAutoFix(LocatorAspect.java:36)\r\n\tat automation.utils.PageTools.waitForElementVisibility(PageTools.java:110)\r\n\tat automation.utils.PageTools.typeText_aroundBody2(PageTools.java:61)\r\n\tat automation.utils.PageTools$AjcClosure3.run(PageTools.java:1)\r\n\tat org.aspectj.runtime.reflect.JoinPointImpl.proceed(JoinPointImpl.java:179)\r\n\tat automation.api.LocatorAspect.handleLocatorAutoFix(LocatorAspect.java:36)\r\n\tat automation.utils.PageTools.typeText(PageTools.java:60)\r\n\tat automation.pages.LoginPage.typePassword(LoginPage.java:36)\r\n\tat automation.actions.LoginActions.loginToSwagLabs(LoginActions.java:16)\r\n\tat BDD.LoginStepDefinition.loginAsStandardUser(LoginStepDefinition.java:66)\r\n\tat ✽.Login to 'Swag Labs' as standard user(file:///C:/Users/Home/Documents/University/Tykhonenko/ui_test_with_ai_integration/src/test/resources/features/C2.feature:14)\r\n"},"stage":"finished","steps":[],"attachments":[],"parameters":[],"start":1731855203545,"stop":1731855214773},{"name":"Then The 'Swag Labs' home page is opened","status":"skipped","statusDetails":{"known":false,"muted":false,"flaky":false},"stage":"finished","steps":[],"attachments":[],"parameters":[],"start":1731855214776,"stop":1731855214777},{"name":"When Remember information about 1 product","status":"skipped","statusDetails":{"known":false,"muted":false,"flaky":false},"stage":"finished","steps":[],"attachments":[],"parameters":[],"start":1731855214777,"stop":1731855214777},{"name":"And Click 'Add to cart' button for 1 product","status":"skipped","statusDetails":{"known":false,"muted":false,"flaky":false},"stage":"finished","steps":[],"attachments":[],"parameters":[],"start":1731855214779,"stop":1731855214779},{"name":"Then The 'Remove' button is displayed for 1 product","status":"skipped","statusDetails":{"known":false,"muted":false,"flaky":false},"stage":"finished","steps":[],"attachments":[],"parameters":[],"start":1731855214779,"stop":1731855214779},{"name":"When Click on 'Cart' link","status":"skipped","statusDetails":{"known":false,"muted":false,"flaky":false},"stage":"finished","steps":[],"attachments":[],"parameters":[],"start":1731855214780,"stop":1731855214780},{"name":"Then The item 1 values are equal","status":"skipped","statusDetails":{"known":false,"muted":false,"flaky":false},"stage":"finished","steps":[],"attachments":[],"parameters":[],"start":1731855214780,"stop":1731855214780}],"attachments":[],"parameters":[],"start":1731855201611,"stop":1731855214903}