{"uuid":"7f4b171d-c8c4-415b-9498-7fb362dc571b","historyId":"42cc0c240dee90d2b581de39adee4e76","testCaseId":"1b4593e5830443960e40e74396a7e69e","fullName":"src/test/resources/features/C1.feature:8","labels":[{"name":"tag","value":"C1"},{"name":"tag","value":"Smoke"},{"name":"tag","value":"Login"},{"name":"host","value":"DESKTOP-530T9QK"},{"name":"thread","value":"19736@DESKTOP-530T9QK.TestNG-PoolService-0(25)"},{"name":"feature","value":"User Login and logout"},{"name":"story","value":"Successful login and logout with valid credentials"},{"name":"suite","value":"User Login and logout"},{"name":"testClass","value":"Successful login and logout with valid credentials"},{"name":"framework","value":"cucumber4jvm"},{"name":"language","value":"java"},{"name":"gherkin_uri","value":"file:///C:/Users/Home/Documents/University/Tykhonenko/ui_test_with_ai_integration/src/test/resources/features/C1.feature"},{"name":"package","value":"src.test.resources.features.C1_feature.User Login and logout"}],"links":[],"name":"Successful login and logout with valid credentials","status":"broken","statusDetails":{"known":false,"muted":false,"flaky":false,"message":"Expected condition failed: waiting for visibility of element located by By.id: password - (tried for 10 second(s) with 500 milliseconds interval)\nBuild info: version: '4.26.0', revision: '8ccf0219d7'\nSystem info: os.name: 'Windows 11', os.arch: 'amd64', os.version: '10.0', java.version: '11.0.24'\nDriver info: org.openqa.selenium.chrome.ChromeDriver\nCapabilities {acceptInsecureCerts: false, browserName: chrome, browserVersion: 131.0.6778.70, chrome: {chromedriverVersion: 131.0.6778.69 (77e2244bbcda..., userDataDir: C:\\Users\\Home\\AppData\\Local...}, fedcm:accounts: true, goog:chromeOptions: {debuggerAddress: localhost:53775}, networkConnectionEnabled: false, pageLoadStrategy: normal, platformName: windows, proxy: Proxy(), se:cdp: ws://localhost:53775/devtoo..., se:cdpVersion: 131.0.6778.70, setWindowRect: true, strictFileInteractability: false, timeouts: {implicit: 0, pageLoad: 300000, script: 30000}, unhandledPromptBehavior: dismiss and notify, webauthn:extension:credBlob: true, webauthn:extension:largeBlob: true, webauthn:extension:minPinLength: true, webauthn:extension:prf: true, webauthn:virtualAuthenticators: true}\nSession ID: 69bba1bdb03bcd12d8f1b48665e16afa","trace":"org.openqa.selenium.TimeoutException: Expected condition failed: waiting for visibility of element located by By.id: password - (tried for 10 second(s) with 500 milliseconds interval)\nBuild info: version: '4.26.0', revision: '8ccf0219d7'\nSystem info: os.name: 'Windows 11', os.arch: 'amd64', os.version: '10.0', java.version: '11.0.24'\nDriver info: org.openqa.selenium.chrome.ChromeDriver\nCapabilities {acceptInsecureCerts: false, browserName: chrome, browserVersion: 131.0.6778.70, chrome: {chromedriverVersion: 131.0.6778.69 (77e2244bbcda..., userDataDir: C:\\Users\\Home\\AppData\\Local...}, fedcm:accounts: true, goog:chromeOptions: {debuggerAddress: localhost:53775}, networkConnectionEnabled: false, pageLoadStrategy: normal, platformName: windows, proxy: Proxy(), se:cdp: ws://localhost:53775/devtoo..., se:cdpVersion: 131.0.6778.70, setWindowRect: true, strictFileInteractability: false, timeouts: {implicit: 0, pageLoad: 300000, script: 30000}, unhandledPromptBehavior: dismiss and notify, webauthn:extension:credBlob: true, webauthn:extension:largeBlob: true, webauthn:extension:minPinLength: true, webauthn:extension:prf: true, webauthn:virtualAuthenticators: true}\nSession ID: 69bba1bdb03bcd12d8f1b48665e16afa\r\n\tat org.openqa.selenium.support.ui.WebDriverWait.timeoutException(WebDriverWait.java:84)\r\n\tat org.openqa.selenium.support.ui.FluentWait.until(FluentWait.java:228)\r\n\tat automation.utils.PageTools.waitForElementVisibility_aroundBody10(PageTools.java:112)\r\n\tat automation.utils.PageTools$AjcClosure11.run(PageTools.java:1)\r\n\tat org.aspectj.runtime.reflect.JoinPointImpl.proceed(JoinPointImpl.java:179)\r\n\tat automation.api.LocatorAspect.handleLocatorAutoFix(LocatorAspect.java:41)\r\n\tat automation.utils.PageTools.waitForElementVisibility(PageTools.java:110)\r\n\tat automation.utils.PageTools.typeText_aroundBody2(PageTools.java:61)\r\n\tat automation.utils.PageTools$AjcClosure3.run(PageTools.java:1)\r\n\tat org.aspectj.runtime.reflect.JoinPointImpl.proceed(JoinPointImpl.java:179)\r\n\tat automation.api.LocatorAspect.handleLocatorAutoFix(LocatorAspect.java:41)\r\n\tat automation.utils.PageTools.typeText(PageTools.java:60)\r\n\tat automation.pages.LoginPage.typePassword(LoginPage.java:36)\r\n\tat automation.actions.LoginActions.loginToSwagLabs(LoginActions.java:16)\r\n\tat BDD.LoginStepDefinition.loginAsStandardUser(LoginStepDefinition.java:66)\r\n\tat ✽.Login to 'Swag Labs' as standard user(file:///C:/Users/Home/Documents/University/Tykhonenko/ui_test_with_ai_integration/src/test/resources/features/C1.feature:13)\r\n"},"stage":"finished","steps":[{"name":"Given Open 'Swag Labs' login page","status":"passed","statusDetails":{"known":false,"muted":false,"flaky":false},"stage":"finished","steps":[],"attachments":[],"parameters":[],"start":1731866432967,"stop":1731866433725},{"name":"When Login to 'Swag Labs' as standard user","status":"broken","statusDetails":{"known":false,"muted":false,"flaky":false,"message":"Expected condition failed: waiting for visibility of element located by By.id: password - (tried for 10 second(s) with 500 milliseconds interval)\nBuild info: version: '4.26.0', revision: '8ccf0219d7'\nSystem info: os.name: 'Windows 11', os.arch: 'amd64', os.version: '10.0', java.version: '11.0.24'\nDriver info: org.openqa.selenium.chrome.ChromeDriver\nCapabilities {acceptInsecureCerts: false, browserName: chrome, browserVersion: 131.0.6778.70, chrome: {chromedriverVersion: 131.0.6778.69 (77e2244bbcda..., userDataDir: C:\\Users\\Home\\AppData\\Local...}, fedcm:accounts: true, goog:chromeOptions: {debuggerAddress: localhost:53775}, networkConnectionEnabled: false, pageLoadStrategy: normal, platformName: windows, proxy: Proxy(), se:cdp: ws://localhost:53775/devtoo..., se:cdpVersion: 131.0.6778.70, setWindowRect: true, strictFileInteractability: false, timeouts: {implicit: 0, pageLoad: 300000, script: 30000}, unhandledPromptBehavior: dismiss and notify, webauthn:extension:credBlob: true, webauthn:extension:largeBlob: true, webauthn:extension:minPinLength: true, webauthn:extension:prf: true, webauthn:virtualAuthenticators: true}\nSession ID: 69bba1bdb03bcd12d8f1b48665e16afa","trace":"org.openqa.selenium.TimeoutException: Expected condition failed: waiting for visibility of element located by By.id: password - (tried for 10 second(s) with 500 milliseconds interval)\nBuild info: version: '4.26.0', revision: '8ccf0219d7'\nSystem info: os.name: 'Windows 11', os.arch: 'amd64', os.version: '10.0', java.version: '11.0.24'\nDriver info: org.openqa.selenium.chrome.ChromeDriver\nCapabilities {acceptInsecureCerts: false, browserName: chrome, browserVersion: 131.0.6778.70, chrome: {chromedriverVersion: 131.0.6778.69 (77e2244bbcda..., userDataDir: C:\\Users\\Home\\AppData\\Local...}, fedcm:accounts: true, goog:chromeOptions: {debuggerAddress: localhost:53775}, networkConnectionEnabled: false, pageLoadStrategy: normal, platformName: windows, proxy: Proxy(), se:cdp: ws://localhost:53775/devtoo..., se:cdpVersion: 131.0.6778.70, setWindowRect: true, strictFileInteractability: false, timeouts: {implicit: 0, pageLoad: 300000, script: 30000}, unhandledPromptBehavior: dismiss and notify, webauthn:extension:credBlob: true, webauthn:extension:largeBlob: true, webauthn:extension:minPinLength: true, webauthn:extension:prf: true, webauthn:virtualAuthenticators: true}\nSession ID: 69bba1bdb03bcd12d8f1b48665e16afa\r\n\tat org.openqa.selenium.support.ui.WebDriverWait.timeoutException(WebDriverWait.java:84)\r\n\tat org.openqa.selenium.support.ui.FluentWait.until(FluentWait.java:228)\r\n\tat automation.utils.PageTools.waitForElementVisibility_aroundBody10(PageTools.java:112)\r\n\tat automation.utils.PageTools$AjcClosure11.run(PageTools.java:1)\r\n\tat org.aspectj.runtime.reflect.JoinPointImpl.proceed(JoinPointImpl.java:179)\r\n\tat automation.api.LocatorAspect.handleLocatorAutoFix(LocatorAspect.java:41)\r\n\tat automation.utils.PageTools.waitForElementVisibility(PageTools.java:110)\r\n\tat automation.utils.PageTools.typeText_aroundBody2(PageTools.java:61)\r\n\tat automation.utils.PageTools$AjcClosure3.run(PageTools.java:1)\r\n\tat org.aspectj.runtime.reflect.JoinPointImpl.proceed(JoinPointImpl.java:179)\r\n\tat automation.api.LocatorAspect.handleLocatorAutoFix(LocatorAspect.java:41)\r\n\tat automation.utils.PageTools.typeText(PageTools.java:60)\r\n\tat automation.pages.LoginPage.typePassword(LoginPage.java:36)\r\n\tat automation.actions.LoginActions.loginToSwagLabs(LoginActions.java:16)\r\n\tat BDD.LoginStepDefinition.loginAsStandardUser(LoginStepDefinition.java:66)\r\n\tat ✽.Login to 'Swag Labs' as standard user(file:///C:/Users/Home/Documents/University/Tykhonenko/ui_test_with_ai_integration/src/test/resources/features/C1.feature:13)\r\n"},"stage":"finished","steps":[],"attachments":[],"parameters":[],"start":1731866433727,"stop":1731866445733},{"name":"Then The 'Swag Labs' home page is opened","status":"skipped","statusDetails":{"known":false,"muted":false,"flaky":false},"stage":"finished","steps":[],"attachments":[],"parameters":[],"start":1731866445737,"stop":1731866445739},{"name":"When Click on side menu","status":"skipped","statusDetails":{"known":false,"muted":false,"flaky":false},"stage":"finished","steps":[],"attachments":[],"parameters":[],"start":1731866445739,"stop":1731866445739},{"name":"And Click on 'Logout' link","status":"skipped","statusDetails":{"known":false,"muted":false,"flaky":false},"stage":"finished","steps":[],"attachments":[],"parameters":[],"start":1731866445740,"stop":1731866445740},{"name":"Then The 'Swag Labs' login page is displayed","status":"skipped","statusDetails":{"known":false,"muted":false,"flaky":false},"stage":"finished","steps":[],"attachments":[],"parameters":[],"start":1731866445740,"stop":1731866445741}],"attachments":[],"parameters":[],"start":1731866431451,"stop":1731866445887}