{"uuid":"a8dd53d9-f87b-4d6c-bd70-64a02e9b2a0d","historyId":"4055f5940d387bfa7e7f2d401b2bfa65","testCaseId":"1b4593e5830443960e40e74396a7e69e","fullName":"src/test/resources/features/C1.feature:6","labels":[{"name":"tag","value":"C1"},{"name":"tag","value":"Smoke"},{"name":"tag","value":"Login"},{"name":"host","value":"DESKTOP-530T9QK"},{"name":"thread","value":"12232@DESKTOP-530T9QK.TestNG-PoolService-0(25)"},{"name":"feature","value":"User Login and logout"},{"name":"story","value":"Successful login and logout with valid credentials"},{"name":"suite","value":"User Login and logout"},{"name":"testClass","value":"Successful login and logout with valid credentials"},{"name":"framework","value":"cucumber4jvm"},{"name":"language","value":"java"},{"name":"gherkin_uri","value":"file:///C:/Users/Home/Documents/University/Tykhonenko/ui_test_with_ai_integration/src/test/resources/features/C1.feature"},{"name":"package","value":"src.test.resources.features.C1_feature.User Login and logout"}],"links":[],"name":"Successful login and logout with valid credentials","status":"broken","statusDetails":{"known":false,"muted":false,"flaky":false,"message":"Expected condition failed: waiting for visibility of element located by By.id: password . (tried for 10 second(s) with 500 milliseconds interval)\nBuild info: version: '4.26.0', revision: '8ccf0219d7'\nSystem info: os.name: 'Windows 11', os.arch: 'amd64', os.version: '10.0', java.version: '11.0.24'\nDriver info: org.openqa.selenium.chrome.ChromeDriver\nCapabilities {acceptInsecureCerts: false, browserName: chrome, browserVersion: 131.0.6778.70, chrome: {chromedriverVersion: 131.0.6778.69 (77e2244bbcda..., userDataDir: C:\\Users\\Home\\AppData\\Local...}, fedcm:accounts: true, goog:chromeOptions: {debuggerAddress: localhost:59863}, networkConnectionEnabled: false, pageLoadStrategy: normal, platformName: windows, proxy: Proxy(), se:cdp: ws://localhost:59863/devtoo..., se:cdpVersion: 131.0.6778.70, setWindowRect: true, strictFileInteractability: false, timeouts: {implicit: 0, pageLoad: 300000, script: 30000}, unhandledPromptBehavior: dismiss and notify, webauthn:extension:credBlob: true, webauthn:extension:largeBlob: true, webauthn:extension:minPinLength: true, webauthn:extension:prf: true, webauthn:virtualAuthenticators: true}\nSession ID: c03391b02209883ca608f3d1d7ebd529","trace":"org.openqa.selenium.TimeoutException: Expected condition failed: waiting for visibility of element located by By.id: password . (tried for 10 second(s) with 500 milliseconds interval)\nBuild info: version: '4.26.0', revision: '8ccf0219d7'\nSystem info: os.name: 'Windows 11', os.arch: 'amd64', os.version: '10.0', java.version: '11.0.24'\nDriver info: org.openqa.selenium.chrome.ChromeDriver\nCapabilities {acceptInsecureCerts: false, browserName: chrome, browserVersion: 131.0.6778.70, chrome: {chromedriverVersion: 131.0.6778.69 (77e2244bbcda..., userDataDir: C:\\Users\\Home\\AppData\\Local...}, fedcm:accounts: true, goog:chromeOptions: {debuggerAddress: localhost:59863}, networkConnectionEnabled: false, pageLoadStrategy: normal, platformName: windows, proxy: Proxy(), se:cdp: ws://localhost:59863/devtoo..., se:cdpVersion: 131.0.6778.70, setWindowRect: true, strictFileInteractability: false, timeouts: {implicit: 0, pageLoad: 300000, script: 30000}, unhandledPromptBehavior: dismiss and notify, webauthn:extension:credBlob: true, webauthn:extension:largeBlob: true, webauthn:extension:minPinLength: true, webauthn:extension:prf: true, webauthn:virtualAuthenticators: true}\nSession ID: c03391b02209883ca608f3d1d7ebd529\r\n\tat org.openqa.selenium.support.ui.WebDriverWait.timeoutException(WebDriverWait.java:84)\r\n\tat org.openqa.selenium.support.ui.FluentWait.until(FluentWait.java:228)\r\n\tat automation.utils.PageTools.waitForElementVisibility_aroundBody10(PageTools.java:59)\r\n\tat automation.utils.PageTools$AjcClosure11.run(PageTools.java:1)\r\n\tat org.aspectj.runtime.reflect.JoinPointImpl.proceed(JoinPointImpl.java:179)\r\n\tat automation.api.LocatorAspect.handleLocatorAutoFix(LocatorAspect.java:23)\r\n\tat automation.utils.PageTools.waitForElementVisibility(PageTools.java:57)\r\n\tat automation.utils.PageTools.typeText_aroundBody2(PageTools.java:35)\r\n\tat automation.utils.PageTools$AjcClosure3.run(PageTools.java:1)\r\n\tat org.aspectj.runtime.reflect.JoinPointImpl.proceed(JoinPointImpl.java:179)\r\n\tat automation.api.LocatorAspect.handleLocatorAutoFix(LocatorAspect.java:23)\r\n\tat automation.utils.PageTools.typeText(PageTools.java:34)\r\n\tat automation.pages.LoginPage.typePassword(LoginPage.java:20)\r\n\tat automation.actions.LoginActions.loginToSwagLabs(LoginActions.java:10)\r\n\tat BDD.LoginStepDefinition.loginAsStandardUser(LoginStepDefinition.java:37)\r\n\tat ✽.Login to 'Swag Labs' as standard user(file:///C:/Users/Home/Documents/University/Tykhonenko/ui_test_with_ai_integration/src/test/resources/features/C1.feature:8)\r\n"},"stage":"finished","steps":[{"name":"Given Open 'Swag Labs' login page","status":"passed","statusDetails":{"known":false,"muted":false,"flaky":false},"stage":"finished","steps":[],"attachments":[],"parameters":[],"start":1731802495035,"stop":1731802495667},{"name":"When Login to 'Swag Labs' as standard user","status":"broken","statusDetails":{"known":false,"muted":false,"flaky":false,"message":"Expected condition failed: waiting for visibility of element located by By.id: password . (tried for 10 second(s) with 500 milliseconds interval)\nBuild info: version: '4.26.0', revision: '8ccf0219d7'\nSystem info: os.name: 'Windows 11', os.arch: 'amd64', os.version: '10.0', java.version: '11.0.24'\nDriver info: org.openqa.selenium.chrome.ChromeDriver\nCapabilities {acceptInsecureCerts: false, browserName: chrome, browserVersion: 131.0.6778.70, chrome: {chromedriverVersion: 131.0.6778.69 (77e2244bbcda..., userDataDir: C:\\Users\\Home\\AppData\\Local...}, fedcm:accounts: true, goog:chromeOptions: {debuggerAddress: localhost:59863}, networkConnectionEnabled: false, pageLoadStrategy: normal, platformName: windows, proxy: Proxy(), se:cdp: ws://localhost:59863/devtoo..., se:cdpVersion: 131.0.6778.70, setWindowRect: true, strictFileInteractability: false, timeouts: {implicit: 0, pageLoad: 300000, script: 30000}, unhandledPromptBehavior: dismiss and notify, webauthn:extension:credBlob: true, webauthn:extension:largeBlob: true, webauthn:extension:minPinLength: true, webauthn:extension:prf: true, webauthn:virtualAuthenticators: true}\nSession ID: c03391b02209883ca608f3d1d7ebd529","trace":"org.openqa.selenium.TimeoutException: Expected condition failed: waiting for visibility of element located by By.id: password . (tried for 10 second(s) with 500 milliseconds interval)\nBuild info: version: '4.26.0', revision: '8ccf0219d7'\nSystem info: os.name: 'Windows 11', os.arch: 'amd64', os.version: '10.0', java.version: '11.0.24'\nDriver info: org.openqa.selenium.chrome.ChromeDriver\nCapabilities {acceptInsecureCerts: false, browserName: chrome, browserVersion: 131.0.6778.70, chrome: {chromedriverVersion: 131.0.6778.69 (77e2244bbcda..., userDataDir: C:\\Users\\Home\\AppData\\Local...}, fedcm:accounts: true, goog:chromeOptions: {debuggerAddress: localhost:59863}, networkConnectionEnabled: false, pageLoadStrategy: normal, platformName: windows, proxy: Proxy(), se:cdp: ws://localhost:59863/devtoo..., se:cdpVersion: 131.0.6778.70, setWindowRect: true, strictFileInteractability: false, timeouts: {implicit: 0, pageLoad: 300000, script: 30000}, unhandledPromptBehavior: dismiss and notify, webauthn:extension:credBlob: true, webauthn:extension:largeBlob: true, webauthn:extension:minPinLength: true, webauthn:extension:prf: true, webauthn:virtualAuthenticators: true}\nSession ID: c03391b02209883ca608f3d1d7ebd529\r\n\tat org.openqa.selenium.support.ui.WebDriverWait.timeoutException(WebDriverWait.java:84)\r\n\tat org.openqa.selenium.support.ui.FluentWait.until(FluentWait.java:228)\r\n\tat automation.utils.PageTools.waitForElementVisibility_aroundBody10(PageTools.java:59)\r\n\tat automation.utils.PageTools$AjcClosure11.run(PageTools.java:1)\r\n\tat org.aspectj.runtime.reflect.JoinPointImpl.proceed(JoinPointImpl.java:179)\r\n\tat automation.api.LocatorAspect.handleLocatorAutoFix(LocatorAspect.java:23)\r\n\tat automation.utils.PageTools.waitForElementVisibility(PageTools.java:57)\r\n\tat automation.utils.PageTools.typeText_aroundBody2(PageTools.java:35)\r\n\tat automation.utils.PageTools$AjcClosure3.run(PageTools.java:1)\r\n\tat org.aspectj.runtime.reflect.JoinPointImpl.proceed(JoinPointImpl.java:179)\r\n\tat automation.api.LocatorAspect.handleLocatorAutoFix(LocatorAspect.java:23)\r\n\tat automation.utils.PageTools.typeText(PageTools.java:34)\r\n\tat automation.pages.LoginPage.typePassword(LoginPage.java:20)\r\n\tat automation.actions.LoginActions.loginToSwagLabs(LoginActions.java:10)\r\n\tat BDD.LoginStepDefinition.loginAsStandardUser(LoginStepDefinition.java:37)\r\n\tat ✽.Login to 'Swag Labs' as standard user(file:///C:/Users/Home/Documents/University/Tykhonenko/ui_test_with_ai_integration/src/test/resources/features/C1.feature:8)\r\n"},"stage":"finished","steps":[],"attachments":[],"parameters":[],"start":1731802495667,"stop":1731802506802},{"name":"Then The 'Swag Labs' home page is opened","status":"skipped","statusDetails":{"known":false,"muted":false,"flaky":false},"stage":"finished","steps":[],"attachments":[],"parameters":[],"start":1731802506806,"stop":1731802506807},{"name":"When Click on side menu","status":"skipped","statusDetails":{"known":false,"muted":false,"flaky":false},"stage":"finished","steps":[],"attachments":[],"parameters":[],"start":1731802506807,"stop":1731802506807},{"name":"And Click on 'Logout' link","status":"skipped","statusDetails":{"known":false,"muted":false,"flaky":false},"stage":"finished","steps":[],"attachments":[],"parameters":[],"start":1731802506807,"stop":1731802506808},{"name":"Then The 'Swag Labs' login page is displayed","status":"skipped","statusDetails":{"known":false,"muted":false,"flaky":false},"stage":"finished","steps":[],"attachments":[],"parameters":[],"start":1731802506808,"stop":1731802506809}],"attachments":[],"parameters":[],"start":1731802493299,"stop":1731802506931}